<?xml version="1.0" encoding="UTF-8"?>
<!-- Generated by org.testng.reporters.JUnitReportReporter -->
<testsuite hostname="KSLT-012" failures="0" tests="2" name="TestCases.GoogleTest" time="24.404" errors="0" timestamp="2022-05-30T17:26:43 IST" skipped="0">
  <testcase classname="TestCases.GoogleTest" name="googleTitleTest" time="12.890"/>
  <system-out/>
  <testcase classname="TestCases.GoogleTest" name="googleLogoTest" time="11.514"/>
  <system-out/>
</testsuite> <!-- TestCases.GoogleTest -->
